Using pre-set license
Built from '2020.3/staging' branch; Version is '2020.3.0f1 (c7b5465681fb) revision 13088070'; Using compiler version '192528614'; Build Type 'Release'
OS: 'Windows 10 Pro; OS build 18363.1440; Version 1909; 64bit' Language: 'ru' Physical Memory: 11936 MB
BatchMode: 1, IsHumanControllingUs: 0, StartBugReporterOnCrash: 0, Is64bit: 1, IsPro: 0

 COMMAND LINE ARGUMENTS:
C:\Program Files\Unity\2020.3.0f1\Editor\Unity.exe
-adb2
-batchMode
-noUpm
-name
AssetImportWorker0
-projectPath
C:/Users/sharphurt/SemesterProjectGame/SemesterProjectGame
-logFile
Logs/AssetImportWorker0.log
-srvPort
51054
Successfully changed project path to: C:/Users/sharphurt/SemesterProjectGame/SemesterProjectGame
C:/Users/sharphurt/SemesterProjectGame/SemesterProjectGame
Using Asset Import Pipeline V2.
Refreshing native plugins compatible for Editor in 103.00 ms, found 1 plugins.
Preloading 0 native plugins for Editor in 0.00 ms.
Initialize engine version: 2020.3.0f1 (c7b5465681fb)
[Subsystems] Discovering subsystems at path C:/Program Files/Unity/2020.3.0f1/Editor/Data/Resources/UnitySubsystems
[Subsystems] Discovering subsystems at path C:/Users/sharphurt/SemesterProjectGame/SemesterProjectGame/Assets
GfxDevice: creating device client; threaded=0
Direct3D:
    Version:  Direct3D 11.0 [level 11.1]
    Renderer: Radeon 500 Series (ID=0x699f)
    Vendor:   
    VRAM:     4078 MB
    Driver:   27.20.2001.16003
Initialize mono
Mono path[0] = 'C:/Program Files/Unity/2020.3.0f1/Editor/Data/Managed'
Mono path[1] = 'C:/Program Files/Unity/2020.3.0f1/Editor/Data/MonoBleedingEdge/lib/mono/unityjit'
Mono config path = 'C:/Program Files/Unity/2020.3.0f1/Editor/Data/MonoBleedingEdge/etc'
Using monoOptions --debugger-agent=transport=dt_socket,embedding=1,server=y,suspend=n,address=127.0.0.1:56764
Begin MonoManager ReloadAssembly
Registering precompiled unity dll's ...
Register platform support module: C:/Program Files/Unity/2020.3.0f1/Editor/Data/PlaybackEngines/WindowsStandaloneSupport/UnityEditor.WindowsStandalone.Extensions.dll
Registered in 0.002375 seconds.
Native extension for WindowsStandalone target not found
Refreshing native plugins compatible for Editor in 52.45 ms, found 1 plugins.
Preloading 0 native plugins for Editor in 0.00 ms.
Invoked RoslynAnalysisRunner static constructor.
RoslynAnalysisRunner will not be running.
RoslynAnalysisRunner has terminated.
Mono: successfully reloaded assembly
- Completed reload, in  3.690 seconds
Platform modules already initialized, skipping
Registering precompiled user dll's ...
Registered in 0.001871 seconds.
Begin MonoManager ReloadAssembly
Native extension for WindowsStandalone target not found
Refreshing native plugins compatible for Editor in 54.86 ms, found 1 plugins.
Preloading 0 native plugins for Editor in 0.00 ms.
Invoked RoslynAnalysisRunner static constructor.
RoslynAnalysisRunner will not be running.
RoslynAnalysisRunner has terminated.
Mono: successfully reloaded assembly
- Completed reload, in  1.318 seconds
Platform modules already initialized, skipping
========================================================================
Worker process is ready to serve import requests
Launched and connected shader compiler UnityShaderCompiler.exe after 0.08 seconds
Refreshing native plugins compatible for Editor in 0.57 ms, found 1 plugins.
Preloading 0 native plugins for Editor in 0.00 ms.
Unloading 1919 Unused Serialized files (Serialized files now loaded: 0)
System memory in use before: 87.9 MB.
System memory in use after: 88.0 MB.

Unloading 32 unused Assets to reduce memory usage. Loaded Objects now: 2355.
Total: 3.230200 ms (FindLiveObjects: 0.345300 ms CreateObjectMapping: 0.335600 ms MarkObjects: 2.449700 ms  DeleteObjects: 0.097900 ms)

========================================================================
Received Import Request.
  path: Assets/Road.anim
  artifactKey: Guid(8002e376bb7a0cb4eb873dff85f9aeb5) Importer(815301076,1909f56bfc062723c751e8b465ee728b)
Start importing Assets/Road.anim using Guid(8002e376bb7a0cb4eb873dff85f9aeb5) Importer(815301076,1909f56bfc062723c751e8b465ee728b)  -> (artifact id: '1c7ef61795c3db07a521d7d325a2d648') in 0.063254 seconds
  Import took 0.067297 seconds .

========================================================================
Received Prepare
Refreshing native plugins compatible for Editor in 5.83 ms, found 1 plugins.
Preloading 0 native plugins for Editor in 0.00 ms.
Unloading 18 Unused Serialized files (Serialized files now loaded: 0)
System memory in use before: 49.9 MB.
System memory in use after: 50.0 MB.

Unloading 18 unused Assets to reduce memory usage. Loaded Objects now: 2355.
Total: 2.468200 ms (FindLiveObjects: 0.204400 ms CreateObjectMapping: 0.129300 ms MarkObjects: 2.109700 ms  DeleteObjects: 0.023100 ms)

========================================================================
Received Prepare
Registering precompiled user dll's ...
Registered in 0.001418 seconds.
Begin MonoManager ReloadAssembly
Native extension for WindowsStandalone target not found
Refreshing native plugins compatible for Editor in 0.53 ms, found 1 plugins.
Preloading 0 native plugins for Editor in 0.00 ms.
Invoked RoslynAnalysisRunner static constructor.
RoslynAnalysisRunner will not be running.
RoslynAnalysisRunner has terminated.
Mono: successfully reloaded assembly
- Completed reload, in  0.994 seconds
Platform modules already initialized, skipping
Refreshing native plugins compatible for Editor in 0.61 ms, found 1 plugins.
Preloading 0 native plugins for Editor in 0.00 ms.
Unloading 1909 Unused Serialized files (Serialized files now loaded: 0)
System memory in use before: 87.5 MB.
System memory in use after: 87.6 MB.

Unloading 20 unused Assets to reduce memory usage. Loaded Objects now: 2359.
Total: 2.688000 ms (FindLiveObjects: 0.295900 ms CreateObjectMapping: 0.243900 ms MarkObjects: 2.107200 ms  DeleteObjects: 0.039000 ms)

========================================================================
Received Import Request.
  Time since last request: 45.179727 seconds.
  path: Assets/Road.anim
  artifactKey: Guid(8002e376bb7a0cb4eb873dff85f9aeb5) Importer(815301076,1909f56bfc062723c751e8b465ee728b)
Start importing Assets/Road.anim using Guid(8002e376bb7a0cb4eb873dff85f9aeb5) Importer(815301076,1909f56bfc062723c751e8b465ee728b)  -> (artifact id: 'f0d60765b3ef2a8dad8977c1e595f5fa') in 0.014006 seconds
  Import took 0.021892 seconds .

